no change     /shared/centos7/anaconda3/3.7/condabin/conda
no change     /shared/centos7/anaconda3/3.7/bin/conda
no change     /shared/centos7/anaconda3/3.7/bin/conda-env
no change     /shared/centos7/anaconda3/3.7/bin/activate
no change     /shared/centos7/anaconda3/3.7/bin/deactivate
no change     /shared/centos7/anaconda3/3.7/etc/profile.d/conda.sh
no change     /shared/centos7/anaconda3/3.7/etc/fish/conf.d/conda.fish
no change     /shared/centos7/anaconda3/3.7/shell/condabin/Conda.psm1
no change     /shared/centos7/anaconda3/3.7/shell/condabin/conda-hook.ps1
no change     /shared/centos7/anaconda3/3.7/lib/python3.7/site-packages/xontrib/conda.xsh
no change     /shared/centos7/anaconda3/3.7/etc/profile.d/conda.csh
no change     /home/bashit.a/.bashrc
No action taken.
Mon May 10 04:01:11 2021       
+-----------------------------------------------------------------------------+
| NVIDIA-SMI 460.27.04    Driver Version: 460.27.04    CUDA Version: 11.2     |
|-------------------------------+----------------------+----------------------+
| GPU  Name        Persistence-M| Bus-Id        Disp.A | Volatile Uncorr. ECC |
| Fan  Temp  Perf  Pwr:Usage/Cap|         Memory-Usage | GPU-Util  Compute M. |
|                               |                      |               MIG M. |
|===============================+======================+======================|
|   0  Tesla T4            Off  | 00000000:AF:00.0 Off |                    0 |
| N/A   44C    P0    16W /  70W |      0MiB / 15109MiB |      0%      Default |
|                               |                      |                  N/A |
+-------------------------------+----------------------+----------------------+
                                                                               
+-----------------------------------------------------------------------------+
| Processes:                                                                  |
|  GPU   GI   CI        PID   Type   Process name                  GPU Memory |
|        ID   ID                                                   Usage      |
|=============================================================================|
|  No running processes found                                                 |
+-----------------------------------------------------------------------------+
True
Epoch: 0

Source Accuracy: 654.0/7291 (8.9700%)
Target Accuracy: 5969.0/60000 (9.9483%)
Domain Accuracy: 60000.0/67291 (89.1650%)

Epoch: 1

Source Accuracy: 901.0/7291 (12.3577%)
Target Accuracy: 6599.0/60000 (10.9983%)
Domain Accuracy: 60000.0/67291 (89.1650%)

Epoch: 2

Source Accuracy: 1340.0/7291 (18.3788%)
Target Accuracy: 8849.0/60000 (14.7483%)
Domain Accuracy: 60000.0/67291 (89.1650%)

Epoch: 3

Source Accuracy: 1407.0/7291 (19.2978%)
Target Accuracy: 7788.0/60000 (12.9800%)
Domain Accuracy: 56859.0/67291 (84.4972%)

Epoch: 4

Source Accuracy: 1336.0/7291 (18.3240%)
Target Accuracy: 6689.0/60000 (11.1483%)
Domain Accuracy: 10657.0/67291 (15.8372%)

Epoch: 5

Source Accuracy: 1321.0/7291 (18.1182%)
Target Accuracy: 6699.0/60000 (11.1650%)
Domain Accuracy: 46279.0/67291 (68.7744%)

Epoch: 6

Source Accuracy: 1348.0/7291 (18.4885%)
Target Accuracy: 7527.0/60000 (12.5450%)
Domain Accuracy: 62561.0/67291 (92.9708%)

Epoch: 7

Source Accuracy: 1257.0/7291 (17.2404%)
Target Accuracy: 7881.0/60000 (13.1350%)
Domain Accuracy: 61116.0/67291 (90.8234%)

Epoch: 8

Source Accuracy: 1239.0/7291 (16.9936%)
Target Accuracy: 7398.0/60000 (12.3300%)
Domain Accuracy: 9458.0/67291 (14.0554%)

Epoch: 9

Source Accuracy: 1342.0/7291 (18.4063%)
Target Accuracy: 7629.0/60000 (12.7150%)
Domain Accuracy: 21446.0/67291 (31.8705%)

Epoch: 10

Source Accuracy: 1424.0/7291 (19.5309%)
Target Accuracy: 8425.0/60000 (14.0417%)
Domain Accuracy: 25335.0/67291 (37.6499%)

Epoch: 11

Source Accuracy: 1443.0/7291 (19.7915%)
Target Accuracy: 7602.0/60000 (12.6700%)
Domain Accuracy: 21108.0/67291 (31.3682%)

Epoch: 12

Source Accuracy: 1380.0/7291 (18.9274%)
Target Accuracy: 7615.0/60000 (12.6917%)
Domain Accuracy: 38642.0/67291 (57.4252%)

Epoch: 13

Source Accuracy: 1546.0/7291 (21.2042%)
Target Accuracy: 7913.0/60000 (13.1883%)
Domain Accuracy: 45957.0/67291 (68.2959%)

Epoch: 14

Source Accuracy: 1565.0/7291 (21.4648%)
Target Accuracy: 8009.0/60000 (13.3483%)
Domain Accuracy: 53172.0/67291 (79.0180%)

Epoch: 15

Source Accuracy: 1473.0/7291 (20.2030%)
Target Accuracy: 7476.0/60000 (12.4600%)
Domain Accuracy: 47196.0/67291 (70.1372%)

Epoch: 16

Source Accuracy: 1579.0/7291 (21.6568%)
Target Accuracy: 7940.0/60000 (13.2333%)
Domain Accuracy: 55496.0/67291 (82.4717%)

Epoch: 17

Source Accuracy: 1695.0/7291 (23.2478%)
Target Accuracy: 8666.0/60000 (14.4433%)
Domain Accuracy: 46591.0/67291 (69.2381%)

Epoch: 18

Source Accuracy: 1746.0/7291 (23.9473%)
Target Accuracy: 8810.0/60000 (14.6833%)
Domain Accuracy: 27839.0/67291 (41.3711%)

Epoch: 19

Source Accuracy: 1774.0/7291 (24.3314%)
Target Accuracy: 8788.0/60000 (14.6467%)
Domain Accuracy: 55353.0/67291 (82.2591%)

Epoch: 20

Source Accuracy: 1852.0/7291 (25.4012%)
Target Accuracy: 8851.0/60000 (14.7517%)
Domain Accuracy: 37169.0/67291 (55.2362%)

Epoch: 21

Source Accuracy: 1902.0/7291 (26.0870%)
Target Accuracy: 9092.0/60000 (15.1533%)
Domain Accuracy: 33489.0/67291 (49.7674%)

Epoch: 22

Source Accuracy: 1904.0/7291 (26.1144%)
Target Accuracy: 9326.0/60000 (15.5433%)
Domain Accuracy: 36508.0/67291 (54.2539%)

Epoch: 23

Source Accuracy: 2004.0/7291 (27.4859%)
Target Accuracy: 9737.0/60000 (16.2283%)
Domain Accuracy: 37995.0/67291 (56.4637%)

Epoch: 24

Source Accuracy: 2112.0/7291 (28.9672%)
Target Accuracy: 10544.0/60000 (17.5733%)
Domain Accuracy: 41321.0/67291 (61.4064%)

Epoch: 25

Source Accuracy: 2302.0/7291 (31.5732%)
Target Accuracy: 11340.0/60000 (18.9000%)
Domain Accuracy: 38523.0/67291 (57.2484%)

Epoch: 26

Source Accuracy: 2359.0/7291 (32.3550%)
Target Accuracy: 12218.0/60000 (20.3633%)
Domain Accuracy: 49728.0/67291 (73.8999%)

Epoch: 27

Source Accuracy: 2440.0/7291 (33.4659%)
Target Accuracy: 12938.0/60000 (21.5633%)
Domain Accuracy: 39115.0/67291 (58.1281%)

Epoch: 28

Source Accuracy: 2461.0/7291 (33.7539%)
Target Accuracy: 13555.0/60000 (22.5917%)
Domain Accuracy: 43193.0/67291 (64.1884%)

Epoch: 29

Source Accuracy: 2580.0/7291 (35.3861%)
Target Accuracy: 13768.0/60000 (22.9467%)
Domain Accuracy: 25988.0/67291 (38.6203%)

Finished Processing to  ./USPS_MNIST
