no change     /shared/centos7/anaconda3/3.7/condabin/conda
no change     /shared/centos7/anaconda3/3.7/bin/conda
no change     /shared/centos7/anaconda3/3.7/bin/conda-env
no change     /shared/centos7/anaconda3/3.7/bin/activate
no change     /shared/centos7/anaconda3/3.7/bin/deactivate
no change     /shared/centos7/anaconda3/3.7/etc/profile.d/conda.sh
no change     /shared/centos7/anaconda3/3.7/etc/fish/conf.d/conda.fish
no change     /shared/centos7/anaconda3/3.7/shell/condabin/Conda.psm1
no change     /shared/centos7/anaconda3/3.7/shell/condabin/conda-hook.ps1
no change     /shared/centos7/anaconda3/3.7/lib/python3.7/site-packages/xontrib/conda.xsh
no change     /shared/centos7/anaconda3/3.7/etc/profile.d/conda.csh
no change     /home/bashit.a/.bashrc
No action taken.
Mon May 10 02:39:35 2021       
+-----------------------------------------------------------------------------+
| NVIDIA-SMI 460.27.04    Driver Version: 460.27.04    CUDA Version: 11.2     |
|-------------------------------+----------------------+----------------------+
| GPU  Name        Persistence-M| Bus-Id        Disp.A | Volatile Uncorr. ECC |
| Fan  Temp  Perf  Pwr:Usage/Cap|         Memory-Usage | GPU-Util  Compute M. |
|                               |                      |               MIG M. |
|===============================+======================+======================|
|   0  Tesla T4            Off  | 00000000:D8:00.0 Off |                    0 |
| N/A   44C    P0    16W /  70W |      0MiB / 15109MiB |      0%      Default |
|                               |                      |                  N/A |
+-------------------------------+----------------------+----------------------+
                                                                               
+-----------------------------------------------------------------------------+
| Processes:                                                                  |
|  GPU   GI   CI        PID   Type   Process name                  GPU Memory |
|        ID   ID                                                   Usage      |
|=============================================================================|
|  No running processes found                                                 |
+-----------------------------------------------------------------------------+
True
Using downloaded and verified file: ./data/SVHN/train_32x32.mat
Using downloaded and verified file: ./data/SVHN/extra_32x32.mat
Using downloaded and verified file: ./data/SVHN/test_32x32.mat
Epoch: 0

Source Accuracy: 55353.0/604388 (9.1585%)
Target Accuracy: 1093.0/7291 (14.9911%)
Domain Accuracy: 7291.0/611679 (1.1920%)

Epoch: 1

Source Accuracy: 93037.0/604388 (15.3936%)
Target Accuracy: 1039.0/7291 (14.2504%)
Domain Accuracy: 7622.0/611679 (1.2461%)

Epoch: 2

Source Accuracy: 103027.0/604388 (17.0465%)
Target Accuracy: 987.0/7291 (13.5372%)
Domain Accuracy: 388828.0/611679 (63.5673%)

Epoch: 3

Source Accuracy: 104072.0/604388 (17.2194%)
Target Accuracy: 1006.0/7291 (13.7978%)
Domain Accuracy: 424393.0/611679 (69.3817%)

Epoch: 4

Source Accuracy: 102520.0/604388 (16.9626%)
Target Accuracy: 1009.0/7291 (13.8390%)
Domain Accuracy: 508676.0/611679 (83.1606%)

Epoch: 5

Source Accuracy: 102509.0/604388 (16.9608%)
Target Accuracy: 1006.0/7291 (13.7978%)
Domain Accuracy: 604388.0/611679 (98.8080%)

Epoch: 6

Source Accuracy: 102926.0/604388 (17.0298%)
Target Accuracy: 1008.0/7291 (13.8253%)
Domain Accuracy: 604388.0/611679 (98.8080%)

Epoch: 7

Source Accuracy: 102982.0/604388 (17.0391%)
Target Accuracy: 1008.0/7291 (13.8253%)
Domain Accuracy: 351594.0/611679 (57.4801%)

Epoch: 8

Source Accuracy: 103434.0/604388 (17.1138%)
Target Accuracy: 1023.0/7291 (14.0310%)
Domain Accuracy: 308193.0/611679 (50.3848%)

Epoch: 9

Source Accuracy: 103865.0/604388 (17.1852%)
Target Accuracy: 1017.0/7291 (13.9487%)
Domain Accuracy: 225314.0/611679 (36.8353%)

Epoch: 10

Source Accuracy: 104295.0/604388 (17.2563%)
Target Accuracy: 1005.0/7291 (13.7841%)
Domain Accuracy: 297911.0/611679 (48.7038%)

Epoch: 11

Source Accuracy: 104228.0/604388 (17.2452%)
Target Accuracy: 997.0/7291 (13.6744%)
Domain Accuracy: 263351.0/611679 (43.0538%)

Epoch: 12

Source Accuracy: 101841.0/604388 (16.8503%)
Target Accuracy: 903.0/7291 (12.3851%)
Domain Accuracy: 7354.0/611679 (1.2023%)

Epoch: 13

Source Accuracy: 99481.0/604388 (16.4598%)
Target Accuracy: 854.0/7291 (11.7131%)
Domain Accuracy: 180834.0/611679 (29.5635%)

Epoch: 14

Source Accuracy: 100654.0/604388 (16.6539%)
Target Accuracy: 881.0/7291 (12.0834%)
Domain Accuracy: 448229.0/611679 (73.2785%)

Epoch: 15

Source Accuracy: 102835.0/604388 (17.0147%)
Target Accuracy: 936.0/7291 (12.8377%)
Domain Accuracy: 550653.0/611679 (90.0232%)

Epoch: 16

Source Accuracy: 103468.0/604388 (17.1195%)
Target Accuracy: 968.0/7291 (13.2766%)
Domain Accuracy: 393959.0/611679 (64.4062%)

Epoch: 17

Source Accuracy: 102863.0/604388 (17.0194%)
Target Accuracy: 860.0/7291 (11.7954%)
Domain Accuracy: 192351.0/611679 (31.4464%)

Epoch: 18

Source Accuracy: 102599.0/604388 (16.9757%)
Target Accuracy: 863.0/7291 (11.8365%)
Domain Accuracy: 570837.0/611679 (93.3230%)

Epoch: 19

Source Accuracy: 103801.0/604388 (17.1746%)
Target Accuracy: 929.0/7291 (12.7417%)
Domain Accuracy: 574142.0/611679 (93.8633%)

Epoch: 20

Source Accuracy: 104352.0/604388 (17.2657%)
Target Accuracy: 927.0/7291 (12.7143%)
Domain Accuracy: 570313.0/611679 (93.2373%)

Epoch: 21

Source Accuracy: 104568.0/604388 (17.3015%)
Target Accuracy: 938.0/7291 (12.8652%)
Domain Accuracy: 560145.0/611679 (91.5750%)

Epoch: 22

Source Accuracy: 104763.0/604388 (17.3337%)
Target Accuracy: 905.0/7291 (12.4126%)
Domain Accuracy: 564546.0/611679 (92.2945%)

Epoch: 23

Source Accuracy: 104304.0/604388 (17.2578%)
Target Accuracy: 862.0/7291 (11.8228%)
Domain Accuracy: 567455.0/611679 (92.7701%)

Epoch: 24

Source Accuracy: 104080.0/604388 (17.2207%)
Target Accuracy: 862.0/7291 (11.8228%)
Domain Accuracy: 584392.0/611679 (95.5390%)

Epoch: 25

Source Accuracy: 104513.0/604388 (17.2924%)
Target Accuracy: 878.0/7291 (12.0422%)
Domain Accuracy: 602116.0/611679 (98.4366%)

Epoch: 26

Source Accuracy: 104882.0/604388 (17.3534%)
Target Accuracy: 848.0/7291 (11.6308%)
Domain Accuracy: 604115.0/611679 (98.7634%)

Epoch: 27

Source Accuracy: 105348.0/604388 (17.4305%)
Target Accuracy: 860.0/7291 (11.7954%)
Domain Accuracy: 605757.0/611679 (99.0318%)

Epoch: 28

Source Accuracy: 105412.0/604388 (17.4411%)
Target Accuracy: 871.0/7291 (11.9462%)
Domain Accuracy: 603543.0/611679 (98.6699%)

Epoch: 29

Source Accuracy: 104494.0/604388 (17.2892%)
Target Accuracy: 766.0/7291 (10.5061%)
Domain Accuracy: 602402.0/611679 (98.4834%)

Finished Processing to  ./SVHN_USPS
